<?xml version="1.0" encoding="UTF-8"?>
<testsuite name="com.example.containerback.ContainerBackApplicationTests" tests="1" skipped="0" failures="0" errors="0" timestamp="2023-05-27T15:38:48" hostname="DESKTOP-SHNT4GG" time="0.475">
  <properties/>
  <testcase name="contextLoads()" classname="com.example.containerback.ContainerBackApplicationTests" time="0.475"/>
  <system-out><![CDATA[00:38:30.379 [Test worker] DEBUG org.springframework.boot.test.context.SpringBootTestContextBootstrapper -- Neither @ContextConfiguration nor @ContextHierarchy found for test class [ContainerBackApplicationTests]: using SpringBootContextLoader
00:38:30.401 [Test worker] DEBUG org.springframework.test.context.support.AbstractContextLoader -- Could not detect default resource locations for test class [com.example.containerback.ContainerBackApplicationTests]: no resource found for suffixes {-context.xml, Context.groovy}.
00:38:30.404 [Test worker] INFO org.springframework.test.context.support.AnnotationConfigContextLoaderUtils -- Could not detect default configuration classes for test class [com.example.containerback.ContainerBackApplicationTests]: ContainerBackApplicationTests does not declare any static, non-private, non-final, nested classes annotated with @Configuration.
00:38:30.517 [Test worker] DEBUG org.springframework.boot.test.context.SpringBootTestContextBootstrapper -- Using ContextCustomizers for test class [ContainerBackApplicationTests]: [DisableObservabilityContextCustomizer, PropertyMappingContextCustomizer, Customizer, ExcludeFilterContextCustomizer, DuplicateJsonObjectContextCustomizer, MockitoContextCustomizer, TestRestTemplateContextCustomizer]
00:38:30.898 [Test worker] DEBUG org.springframework.context.annotation.ClassPathScanningCandidateComponentProvider -- Identified candidate component class: file [C:\Users\JUNG\IdeaProjects\container-back\build\classes\java\main\com\example\containerback\ContainerBackApplication.class]
00:38:30.941 [Test worker] INFO org.springframework.boot.test.context.SpringBootTestContextBootstrapper -- Found @SpringBootConfiguration com.example.containerback.ContainerBackApplication for test class com.example.containerback.ContainerBackApplicationTests
00:38:31.633 [Test worker] DEBUG org.springframework.boot.test.context.SpringBootTestContextBootstrapper -- Using TestExecutionListeners for test class [ContainerBackApplicationTests]: [ServletTestExecutionListener, DirtiesContextBeforeModesTestExecutionListener, ApplicationEventsTestExecutionListener, MockitoTestExecutionListener, DependencyInjectionTestExecutionListener, DirtiesContextTestExecutionListener, TransactionalTestExecutionListener, SqlScriptsTestExecutionListener, EventPublishingTestExecutionListener, RestDocsTestExecutionListener, MockRestServiceServerResetTestExecutionListener, MockMvcPrintOnlyOnFailureTestExecutionListener, WebDriverTestExecutionListener, MockWebServiceServerTestExecutionListener, ResetMocksTestExecutionListener]
00:38:31.640 [Test worker] DEBUG org.springframework.test.context.support.AbstractDirtiesContextTestExecutionListener -- Before test class: class [ContainerBackApplicationTests], class annotated with @DirtiesContext [false] with mode [null]

  .   ____          _            __ _ _
 /\\ / ___'_ __ _ _(_)_ __  __ _ \ \ \ \
( ( )\___ | '_ | '_| | '_ \/ _` | \ \ \ \
 \\/  ___)| |_)| | | | | || (_| |  ) ) ) )
  '  |____| .__|_| |_|_| |_\__, | / / / /
 =========|_|==============|___/=/_/_/_/
 :: Spring Boot ::                (v3.0.5)

2023-05-28T00:38:33.349+09:00  INFO 23652 --- [    Test worker] c.e.c.ContainerBackApplicationTests      : Starting ContainerBackApplicationTests using Java 17.0.4.1 with PID 23652 (started by JUNG in C:\Users\JUNG\IdeaProjects\container-back)
2023-05-28T00:38:33.355+09:00  INFO 23652 --- [    Test worker] c.e.c.ContainerBackApplicationTests      : No active profile set, falling back to 1 default profile: "default"
2023-05-28T00:38:36.036+09:00  INFO 23652 --- [    Test worker] .s.d.r.c.RepositoryConfigurationDelegate : Bootstrapping Spring Data JPA repositories in DEFAULT mode.
2023-05-28T00:38:36.276+09:00  INFO 23652 --- [    Test worker] .s.d.r.c.RepositoryConfigurationDelegate : Finished Spring Data repository scanning in 211 ms. Found 3 JPA repository interfaces.
2023-05-28T00:38:37.507+09:00  INFO 23652 --- [    Test worker] trationDelegate$BeanPostProcessorChecker : Bean 'org.springframework.ws.config.annotation.DelegatingWsConfiguration' of type [org.springframework.ws.config.annotation.DelegatingWsConfiguration$$SpringCGLIB$$0] is not eligible for getting processed by all BeanPostProcessors (for example: not eligible for auto-proxying)
2023-05-28T00:38:37.825+09:00  INFO 23652 --- [    Test worker] .w.s.a.s.AnnotationActionEndpointMapping : Supporting [WS-Addressing August 2004, WS-Addressing 1.0]
2023-05-28T00:38:38.788+09:00  INFO 23652 --- [    Test worker] o.hibernate.jpa.internal.util.LogHelper  : HHH000204: Processing PersistenceUnitInfo [name: default]
2023-05-28T00:38:39.047+09:00  INFO 23652 --- [    Test worker] org.hibernate.Version                    : HHH000412: Hibernate ORM core version 6.1.7.Final
2023-05-28T00:38:40.662+09:00  INFO 23652 --- [    Test worker] com.zaxxer.hikari.HikariDataSource       : HikariPool-1 - Starting...
2023-05-28T00:38:41.053+09:00  INFO 23652 --- [    Test worker] com.zaxxer.hikari.pool.HikariPool        : HikariPool-1 - Added connection com.mysql.cj.jdbc.ConnectionImpl@2987d0fa
2023-05-28T00:38:41.058+09:00  INFO 23652 --- [    Test worker] com.zaxxer.hikari.HikariDataSource       : HikariPool-1 - Start completed.
2023-05-28T00:38:41.203+09:00  INFO 23652 --- [    Test worker] SQL dialect                              : HHH000400: Using dialect: org.hibernate.dialect.MySQLDialect
2023-05-28T00:38:45.257+09:00  INFO 23652 --- [    Test worker] o.h.e.t.j.p.i.JtaPlatformInitiator       : HHH000490: Using JtaPlatform implementation: [org.hibernate.engine.transaction.jta.platform.internal.NoJtaPlatform]
2023-05-28T00:38:45.274+09:00  INFO 23652 --- [    Test worker] j.LocalContainerEntityManagerFactoryBean : Initialized JPA EntityManagerFactory for persistence unit 'default'
2023-05-28T00:38:46.452+09:00  WARN 23652 --- [    Test worker] JpaBaseConfiguration$JpaWebConfiguration : spring.jpa.open-in-view is enabled by default. Therefore, database queries may be performed during view rendering. Explicitly configure spring.jpa.open-in-view to disable this warning
2023-05-28T00:38:46.773+09:00  INFO 23652 --- [    Test worker] o.s.b.a.w.s.WelcomePageHandlerMapping    : Adding welcome page: class path resource [static/index.html]
2023-05-28T00:38:47.282+09:00  INFO 23652 --- [    Test worker] o.s.s.web.DefaultSecurityFilterChain     : Will secure any request with [org.springframework.security.web.session.DisableEncodeUrlFilter@30bfdcc5, org.springframework.security.web.context.request.async.WebAsyncManagerIntegrationFilter@1e9b0c92, org.springframework.security.web.context.SecurityContextHolderFilter@402d76c7, org.springframework.security.web.header.HeaderWriterFilter@ef59aee, org.springframework.web.filter.CorsFilter@5bfeb9ba, org.springframework.security.web.authentication.logout.LogoutFilter@623d222, com.example.containerback.JwtAuthenticationFilter@4cf1bd4a, org.springframework.security.web.authentication.UsernamePasswordAuthenticationFilter@a2ca681, org.springframework.security.web.savedrequest.RequestCacheAwareFilter@1fd77205, org.springframework.security.web.servletapi.SecurityContextHolderAwareRequestFilter@3b9c05f, org.springframework.security.web.authentication.AnonymousAuthenticationFilter@26619e5, org.springframework.security.web.session.SessionManagementFilter@45a4587d, org.springframework.security.web.access.ExceptionTranslationFilter@17e4beda, org.springframework.security.web.access.intercept.FilterSecurityInterceptor@ae5d544]
2023-05-28T00:38:47.873+09:00  WARN 23652 --- [    Test worker] ion$DefaultTemplateResolverConfiguration : Cannot find template location: classpath:/templates/ (please add some templates, check your Thymeleaf configuration, or set spring.thymeleaf.check-template-location=false)
2023-05-28T00:38:48.204+09:00  INFO 23652 --- [    Test worker] c.e.c.ContainerBackApplicationTests      : Started ContainerBackApplicationTests in 16.337 seconds (process running for 23.816)
]]></system-out>
  <system-err><![CDATA[]]></system-err>
</testsuite>
