<?xml version="1.0" encoding="UTF-8"?>
<testsuite name="com.example.containerback.test.MemoRepositoryTest" tests="1" skipped="0" failures="0" errors="0" timestamp="2023-04-07T00:33:02" hostname="DESKTOP-SBQIL6R" time="0.36">
  <properties/>
  <testcase name="DeleteDummies()" classname="com.example.containerback.test.MemoRepositoryTest" time="0.36"/>
  <system-out><![CDATA[09:32:55.507 [Test worker] DEBUG org.springframework.boot.test.context.SpringBootTestContextBootstrapper -- Neither @ContextConfiguration nor @ContextHierarchy found for test class [MemoRepositoryTest]: using SpringBootContextLoader
09:32:55.522 [Test worker] DEBUG org.springframework.test.context.support.AbstractContextLoader -- Could not detect default resource locations for test class [com.example.containerback.test.MemoRepositoryTest]: no resource found for suffixes {-context.xml, Context.groovy}.
09:32:55.523 [Test worker] INFO org.springframework.test.context.support.AnnotationConfigContextLoaderUtils -- Could not detect default configuration classes for test class [com.example.containerback.test.MemoRepositoryTest]: MemoRepositoryTest does not declare any static, non-private, non-final, nested classes annotated with @Configuration.
09:32:55.667 [Test worker] DEBUG org.springframework.boot.test.context.SpringBootTestContextBootstrapper -- Using ContextCustomizers for test class [MemoRepositoryTest]: [DisableObservabilityContextCustomizer, PropertyMappingContextCustomizer, Customizer, ExcludeFilterContextCustomizer, DuplicateJsonObjectContextCustomizer, MockitoContextCustomizer, TestRestTemplateContextCustomizer]
09:32:56.015 [Test worker] DEBUG org.springframework.context.annotation.ClassPathScanningCandidateComponentProvider -- Identified candidate component class: file [C:\Users\hil07\IdeaProjects\container-back\container-back\build\classes\java\main\com\example\containerback\ContainerBackApplication.class]
09:32:56.018 [Test worker] INFO org.springframework.boot.test.context.SpringBootTestContextBootstrapper -- Found @SpringBootConfiguration com.example.containerback.ContainerBackApplication for test class com.example.containerback.test.MemoRepositoryTest
09:32:56.250 [Test worker] DEBUG org.springframework.boot.test.context.SpringBootTestContextBootstrapper -- Using TestExecutionListeners for test class [MemoRepositoryTest]: [ServletTestExecutionListener, DirtiesContextBeforeModesTestExecutionListener, ApplicationEventsTestExecutionListener, MockitoTestExecutionListener, DependencyInjectionTestExecutionListener, DirtiesContextTestExecutionListener, TransactionalTestExecutionListener, SqlScriptsTestExecutionListener, EventPublishingTestExecutionListener, RestDocsTestExecutionListener, MockRestServiceServerResetTestExecutionListener, MockMvcPrintOnlyOnFailureTestExecutionListener, WebDriverTestExecutionListener, MockWebServiceServerTestExecutionListener, ResetMocksTestExecutionListener]
09:32:56.253 [Test worker] DEBUG org.springframework.test.context.support.AbstractDirtiesContextTestExecutionListener -- Before test class: class [MemoRepositoryTest], class annotated with @DirtiesContext [false] with mode [null]

  .   ____          _            __ _ _
 /\\ / ___'_ __ _ _(_)_ __  __ _ \ \ \ \
( ( )\___ | '_ | '_| | '_ \/ _` | \ \ \ \
 \\/  ___)| |_)| | | | | || (_| |  ) ) ) )
  '  |____| .__|_| |_|_| |_\__, | / / / /
 =========|_|==============|___/=/_/_/_/
 :: Spring Boot ::                (v3.0.5)

2023-04-07T09:32:56.708+09:00  INFO 11072 --- [    Test worker] c.e.c.test.MemoRepositoryTest            : Starting MemoRepositoryTest using Java 18.0.2 with PID 11072 (started by SUKIOUOB in C:\Users\hil07\IdeaProjects\container-back\container-back)
2023-04-07T09:32:56.711+09:00  INFO 11072 --- [    Test worker] c.e.c.test.MemoRepositoryTest            : No active profile set, falling back to 1 default profile: "default"
2023-04-07T09:32:57.791+09:00  INFO 11072 --- [    Test worker] .s.d.r.c.RepositoryConfigurationDelegate : Bootstrapping Spring Data JPA repositories in DEFAULT mode.
2023-04-07T09:32:57.900+09:00  INFO 11072 --- [    Test worker] .s.d.r.c.RepositoryConfigurationDelegate : Finished Spring Data repository scanning in 85 ms. Found 1 JPA repository interfaces.
2023-04-07T09:32:58.401+09:00  INFO 11072 --- [    Test worker] trationDelegate$BeanPostProcessorChecker : Bean 'org.springframework.ws.config.annotation.DelegatingWsConfiguration' of type [org.springframework.ws.config.annotation.DelegatingWsConfiguration$$SpringCGLIB$$0] is not eligible for getting processed by all BeanPostProcessors (for example: not eligible for auto-proxying)
2023-04-07T09:32:58.501+09:00  INFO 11072 --- [    Test worker] .w.s.a.s.AnnotationActionEndpointMapping : Supporting [WS-Addressing August 2004, WS-Addressing 1.0]
2023-04-07T09:32:58.939+09:00  INFO 11072 --- [    Test worker] o.hibernate.jpa.internal.util.LogHelper  : HHH000204: Processing PersistenceUnitInfo [name: default]
2023-04-07T09:32:59.071+09:00  INFO 11072 --- [    Test worker] org.hibernate.Version                    : HHH000412: Hibernate ORM core version 6.1.7.Final
2023-04-07T09:32:59.639+09:00  INFO 11072 --- [    Test worker] com.zaxxer.hikari.HikariDataSource       : HikariPool-1 - Starting...
2023-04-07T09:32:59.962+09:00  INFO 11072 --- [    Test worker] com.zaxxer.hikari.pool.HikariPool        : HikariPool-1 - Added connection com.mysql.cj.jdbc.ConnectionImpl@738a815c
2023-04-07T09:32:59.968+09:00  INFO 11072 --- [    Test worker] com.zaxxer.hikari.HikariDataSource       : HikariPool-1 - Start completed.
2023-04-07T09:33:00.110+09:00  INFO 11072 --- [    Test worker] SQL dialect                              : HHH000400: Using dialect: org.hibernate.dialect.MySQLDialect
2023-04-07T09:33:01.448+09:00  INFO 11072 --- [    Test worker] o.h.e.t.j.p.i.JtaPlatformInitiator       : HHH000490: Using JtaPlatform implementation: [org.hibernate.engine.transaction.jta.platform.internal.NoJtaPlatform]
2023-04-07T09:33:01.468+09:00  INFO 11072 --- [    Test worker] j.LocalContainerEntityManagerFactoryBean : Initialized JPA EntityManagerFactory for persistence unit 'default'
2023-04-07T09:33:01.696+09:00  WARN 11072 --- [    Test worker] JpaBaseConfiguration$JpaWebConfiguration : spring.jpa.open-in-view is enabled by default. Therefore, database queries may be performed during view rendering. Explicitly configure spring.jpa.open-in-view to disable this warning
2023-04-07T09:33:02.859+09:00  INFO 11072 --- [    Test worker] c.e.c.test.MemoRepositoryTest            : Started MemoRepositoryTest in 6.496 seconds (process running for 11.546)
Hibernate: 
    select
        m1_0.id,
        m1_0.memo_text 
    from
        tbl_memo m1_0 
    where
        m1_0.id=?
]]></system-out>
  <system-err><![CDATA[]]></system-err>
</testsuite>
