<?xml version="1.0" encoding="UTF-8"?>
<testsuite name="com.example.containerback.test.MemoRepositoryTest" tests="1" skipped="0" failures="0" errors="0" timestamp="2023-04-07T02:30:35" hostname="DESKTOP-SHNT4GG" time="0.456">
  <properties/>
  <testcase name="DeleteDummies()" classname="com.example.containerback.test.MemoRepositoryTest" time="0.456"/>
  <system-out><![CDATA[11:30:27.232 [Test worker] DEBUG org.springframework.boot.test.context.SpringBootTestContextBootstrapper -- Neither @ContextConfiguration nor @ContextHierarchy found for test class [MemoRepositoryTest]: using SpringBootContextLoader
11:30:27.242 [Test worker] DEBUG org.springframework.test.context.support.AbstractContextLoader -- Could not detect default resource locations for test class [com.example.containerback.test.MemoRepositoryTest]: no resource found for suffixes {-context.xml, Context.groovy}.
11:30:27.243 [Test worker] INFO org.springframework.test.context.support.AnnotationConfigContextLoaderUtils -- Could not detect default configuration classes for test class [com.example.containerback.test.MemoRepositoryTest]: MemoRepositoryTest does not declare any static, non-private, non-final, nested classes annotated with @Configuration.
11:30:27.306 [Test worker] DEBUG org.springframework.boot.test.context.SpringBootTestContextBootstrapper -- Using ContextCustomizers for test class [MemoRepositoryTest]: [DisableObservabilityContextCustomizer, PropertyMappingContextCustomizer, Customizer, ExcludeFilterContextCustomizer, DuplicateJsonObjectContextCustomizer, MockitoContextCustomizer, TestRestTemplateContextCustomizer]
11:30:27.444 [Test worker] DEBUG org.springframework.context.annotation.ClassPathScanningCandidateComponentProvider -- Identified candidate component class: file [C:\Users\JUNG\IdeaProjects\container-back\build\classes\java\main\com\example\containerback\ContainerBackApplication.class]
11:30:27.448 [Test worker] INFO org.springframework.boot.test.context.SpringBootTestContextBootstrapper -- Found @SpringBootConfiguration com.example.containerback.ContainerBackApplication for test class com.example.containerback.test.MemoRepositoryTest
11:30:27.729 [Test worker] DEBUG org.springframework.boot.test.context.SpringBootTestContextBootstrapper -- Using TestExecutionListeners for test class [MemoRepositoryTest]: [ServletTestExecutionListener, DirtiesContextBeforeModesTestExecutionListener, ApplicationEventsTestExecutionListener, MockitoTestExecutionListener, DependencyInjectionTestExecutionListener, DirtiesContextTestExecutionListener, TransactionalTestExecutionListener, SqlScriptsTestExecutionListener, EventPublishingTestExecutionListener, RestDocsTestExecutionListener, MockRestServiceServerResetTestExecutionListener, MockMvcPrintOnlyOnFailureTestExecutionListener, WebDriverTestExecutionListener, MockWebServiceServerTestExecutionListener, ResetMocksTestExecutionListener]
11:30:27.732 [Test worker] DEBUG org.springframework.test.context.support.AbstractDirtiesContextTestExecutionListener -- Before test class: class [MemoRepositoryTest], class annotated with @DirtiesContext [false] with mode [null]

  .   ____          _            __ _ _
 /\\ / ___'_ __ _ _(_)_ __  __ _ \ \ \ \
( ( )\___ | '_ | '_| | '_ \/ _` | \ \ \ \
 \\/  ___)| |_)| | | | | || (_| |  ) ) ) )
  '  |____| .__|_| |_|_| |_\__, | / / / /
 =========|_|==============|___/=/_/_/_/
 :: Spring Boot ::                (v3.0.5)

2023-04-07T11:30:28.320+09:00  INFO 26080 --- [    Test worker] c.e.c.test.MemoRepositoryTest            : Starting MemoRepositoryTest using Java 17.0.4.1 with PID 26080 (started by JUNG in C:\Users\JUNG\IdeaProjects\container-back)
2023-04-07T11:30:28.323+09:00  INFO 26080 --- [    Test worker] c.e.c.test.MemoRepositoryTest            : No active profile set, falling back to 1 default profile: "default"
2023-04-07T11:30:29.947+09:00  INFO 26080 --- [    Test worker] .s.d.r.c.RepositoryConfigurationDelegate : Bootstrapping Spring Data JPA repositories in DEFAULT mode.
2023-04-07T11:30:30.078+09:00  INFO 26080 --- [    Test worker] .s.d.r.c.RepositoryConfigurationDelegate : Finished Spring Data repository scanning in 117 ms. Found 1 JPA repository interfaces.
2023-04-07T11:30:30.597+09:00  INFO 26080 --- [    Test worker] trationDelegate$BeanPostProcessorChecker : Bean 'org.springframework.ws.config.annotation.DelegatingWsConfiguration' of type [org.springframework.ws.config.annotation.DelegatingWsConfiguration$$SpringCGLIB$$0] is not eligible for getting processed by all BeanPostProcessors (for example: not eligible for auto-proxying)
2023-04-07T11:30:30.641+09:00  INFO 26080 --- [    Test worker] .w.s.a.s.AnnotationActionEndpointMapping : Supporting [WS-Addressing August 2004, WS-Addressing 1.0]
2023-04-07T11:30:31.029+09:00  INFO 26080 --- [    Test worker] o.hibernate.jpa.internal.util.LogHelper  : HHH000204: Processing PersistenceUnitInfo [name: default]
2023-04-07T11:30:31.159+09:00  INFO 26080 --- [    Test worker] org.hibernate.Version                    : HHH000412: Hibernate ORM core version 6.1.7.Final
2023-04-07T11:30:31.829+09:00  INFO 26080 --- [    Test worker] com.zaxxer.hikari.HikariDataSource       : HikariPool-1 - Starting...
2023-04-07T11:30:32.107+09:00  INFO 26080 --- [    Test worker] com.zaxxer.hikari.pool.HikariPool        : HikariPool-1 - Added connection com.mysql.cj.jdbc.ConnectionImpl@1b47b7f5
2023-04-07T11:30:32.110+09:00  INFO 26080 --- [    Test worker] com.zaxxer.hikari.HikariDataSource       : HikariPool-1 - Start completed.
2023-04-07T11:30:32.210+09:00  INFO 26080 --- [    Test worker] SQL dialect                              : HHH000400: Using dialect: org.hibernate.dialect.MySQLDialect
2023-04-07T11:30:33.534+09:00  INFO 26080 --- [    Test worker] o.h.e.t.j.p.i.JtaPlatformInitiator       : HHH000490: Using JtaPlatform implementation: [org.hibernate.engine.transaction.jta.platform.internal.NoJtaPlatform]
2023-04-07T11:30:33.549+09:00  INFO 26080 --- [    Test worker] j.LocalContainerEntityManagerFactoryBean : Initialized JPA EntityManagerFactory for persistence unit 'default'
2023-04-07T11:30:33.800+09:00  WARN 26080 --- [    Test worker] JpaBaseConfiguration$JpaWebConfiguration : spring.jpa.open-in-view is enabled by default. Therefore, database queries may be performed during view rendering. Explicitly configure spring.jpa.open-in-view to disable this warning
2023-04-07T11:30:35.020+09:00  INFO 26080 --- [    Test worker] c.e.c.test.MemoRepositoryTest            : Started MemoRepositoryTest in 7.174 seconds (process running for 9.797)
Hibernate: select m1_0.id,m1_0.memo_text from tbl_memo m1_0 where m1_0.id=?
Hibernate: delete from tbl_memo where id=?
]]></system-out>
  <system-err><![CDATA[]]></system-err>
</testsuite>
