<?xml version="1.0" encoding="UTF-8"?>
<testsuite name="com.example.containerback.ContainerBackApplicationTests" tests="1" skipped="0" failures="0" errors="0" timestamp="2023-04-14T01:22:41" hostname="DESKTOP-SBQIL6R" time="0.663">
  <properties/>
  <testcase name="contextLoads()" classname="com.example.containerback.ContainerBackApplicationTests" time="0.663"/>
  <system-out><![CDATA[10:22:29.009 [Test worker] DEBUG org.springframework.boot.test.context.SpringBootTestContextBootstrapper -- Neither @ContextConfiguration nor @ContextHierarchy found for test class [ContainerBackApplicationTests]: using SpringBootContextLoader
10:22:29.022 [Test worker] DEBUG org.springframework.test.context.support.AbstractContextLoader -- Could not detect default resource locations for test class [com.example.containerback.ContainerBackApplicationTests]: no resource found for suffixes {-context.xml, Context.groovy}.
10:22:29.023 [Test worker] INFO org.springframework.test.context.support.AnnotationConfigContextLoaderUtils -- Could not detect default configuration classes for test class [com.example.containerback.ContainerBackApplicationTests]: ContainerBackApplicationTests does not declare any static, non-private, non-final, nested classes annotated with @Configuration.
10:22:29.079 [Test worker] DEBUG org.springframework.boot.test.context.SpringBootTestContextBootstrapper -- Using ContextCustomizers for test class [ContainerBackApplicationTests]: [DisableObservabilityContextCustomizer, PropertyMappingContextCustomizer, Customizer, ExcludeFilterContextCustomizer, DuplicateJsonObjectContextCustomizer, MockitoContextCustomizer, TestRestTemplateContextCustomizer]
10:22:29.212 [Test worker] DEBUG org.springframework.context.annotation.ClassPathScanningCandidateComponentProvider -- Identified candidate component class: file [C:\Users\hil07\IdeaProjects\container-back\build\classes\java\main\com\example\containerback\ContainerBackApplication.class]
10:22:29.214 [Test worker] INFO org.springframework.boot.test.context.SpringBootTestContextBootstrapper -- Found @SpringBootConfiguration com.example.containerback.ContainerBackApplication for test class com.example.containerback.ContainerBackApplicationTests
10:22:29.455 [Test worker] DEBUG org.springframework.boot.test.context.SpringBootTestContextBootstrapper -- Using TestExecutionListeners for test class [ContainerBackApplicationTests]: [ServletTestExecutionListener, DirtiesContextBeforeModesTestExecutionListener, ApplicationEventsTestExecutionListener, MockitoTestExecutionListener, DependencyInjectionTestExecutionListener, DirtiesContextTestExecutionListener, TransactionalTestExecutionListener, SqlScriptsTestExecutionListener, EventPublishingTestExecutionListener, RestDocsTestExecutionListener, MockRestServiceServerResetTestExecutionListener, MockMvcPrintOnlyOnFailureTestExecutionListener, WebDriverTestExecutionListener, MockWebServiceServerTestExecutionListener, ResetMocksTestExecutionListener]
10:22:29.459 [Test worker] DEBUG org.springframework.test.context.support.AbstractDirtiesContextTestExecutionListener -- Before test class: class [ContainerBackApplicationTests], class annotated with @DirtiesContext [false] with mode [null]

  .   ____          _            __ _ _
 /\\ / ___'_ __ _ _(_)_ __  __ _ \ \ \ \
( ( )\___ | '_ | '_| | '_ \/ _` | \ \ \ \
 \\/  ___)| |_)| | | | | || (_| |  ) ) ) )
  '  |____| .__|_| |_|_| |_\__, | / / / /
 =========|_|==============|___/=/_/_/_/
 :: Spring Boot ::                (v3.0.5)

2023-04-14T10:22:30.103+09:00  INFO 15536 --- [    Test worker] c.e.c.ContainerBackApplicationTests      : Starting ContainerBackApplicationTests using Java 17.0.4 with PID 15536 (started by SUKIOUOB in C:\Users\hil07\IdeaProjects\container-back)
2023-04-14T10:22:30.106+09:00  INFO 15536 --- [    Test worker] c.e.c.ContainerBackApplicationTests      : No active profile set, falling back to 1 default profile: "default"
2023-04-14T10:22:31.936+09:00  INFO 15536 --- [    Test worker] .s.d.r.c.RepositoryConfigurationDelegate : Bootstrapping Spring Data JPA repositories in DEFAULT mode.
2023-04-14T10:22:32.159+09:00  INFO 15536 --- [    Test worker] .s.d.r.c.RepositoryConfigurationDelegate : Finished Spring Data repository scanning in 197 ms. Found 5 JPA repository interfaces.
2023-04-14T10:22:32.782+09:00  INFO 15536 --- [    Test worker] trationDelegate$BeanPostProcessorChecker : Bean 'org.springframework.ws.config.annotation.DelegatingWsConfiguration' of type [org.springframework.ws.config.annotation.DelegatingWsConfiguration$$SpringCGLIB$$0] is not eligible for getting processed by all BeanPostProcessors (for example: not eligible for auto-proxying)
2023-04-14T10:22:32.890+09:00  INFO 15536 --- [    Test worker] .w.s.a.s.AnnotationActionEndpointMapping : Supporting [WS-Addressing August 2004, WS-Addressing 1.0]
2023-04-14T10:22:33.416+09:00  INFO 15536 --- [    Test worker] o.hibernate.jpa.internal.util.LogHelper  : HHH000204: Processing PersistenceUnitInfo [name: default]
2023-04-14T10:22:33.572+09:00  INFO 15536 --- [    Test worker] org.hibernate.Version                    : HHH000412: Hibernate ORM core version 6.1.7.Final
2023-04-14T10:22:34.321+09:00  INFO 15536 --- [    Test worker] com.zaxxer.hikari.HikariDataSource       : HikariPool-1 - Starting...
2023-04-14T10:22:34.766+09:00  INFO 15536 --- [    Test worker] com.zaxxer.hikari.pool.HikariPool        : HikariPool-1 - Added connection com.mysql.cj.jdbc.ConnectionImpl@6a6d1ff3
2023-04-14T10:22:34.773+09:00  INFO 15536 --- [    Test worker] com.zaxxer.hikari.HikariDataSource       : HikariPool-1 - Start completed.
2023-04-14T10:22:35.018+09:00  INFO 15536 --- [    Test worker] SQL dialect                              : HHH000400: Using dialect: org.hibernate.dialect.MySQLDialect
2023-04-14T10:22:38.151+09:00  INFO 15536 --- [    Test worker] o.h.e.t.j.p.i.JtaPlatformInitiator       : HHH000490: Using JtaPlatform implementation: [org.hibernate.engine.transaction.jta.platform.internal.NoJtaPlatform]
2023-04-14T10:22:38.183+09:00  INFO 15536 --- [    Test worker] j.LocalContainerEntityManagerFactoryBean : Initialized JPA EntityManagerFactory for persistence unit 'default'
2023-04-14T10:22:39.453+09:00  WARN 15536 --- [    Test worker] JpaBaseConfiguration$JpaWebConfiguration : spring.jpa.open-in-view is enabled by default. Therefore, database queries may be performed during view rendering. Explicitly configure spring.jpa.open-in-view to disable this warning
2023-04-14T10:22:40.078+09:00  INFO 15536 --- [    Test worker] o.s.b.a.w.s.WelcomePageHandlerMapping    : Adding welcome page: class path resource [static/index.html]
2023-04-14T10:22:41.170+09:00  INFO 15536 --- [    Test worker] c.e.c.ContainerBackApplicationTests      : Started ContainerBackApplicationTests in 11.56 seconds (process running for 14.183)
]]></system-out>
  <system-err><![CDATA[]]></system-err>
</testsuite>
